<?xml version="1.0" encoding="UTF-8"?>
<testng-results ignored="0" total="2" passed="2" failed="0" skipped="0">
  <reporter-output>
  </reporter-output>
  <suite started-at="2021-06-24T19:58:03 EDT" name="Default suite" finished-at="2021-06-24T19:58:07 EDT" duration-ms="4504">
    <groups>
    </groups>
    <test started-at="2021-06-24T19:58:03 EDT" name="Default test" finished-at="2021-06-24T19:58:07 EDT" duration-ms="4504">
      <class name="projectWork.ProjectWork2">
        <test-method is-config="true" signature="setUpClass()[pri:0, instance:projectWork.ProjectWork2@1c93084c]" started-at="2021-06-24T19:58:03 EDT" name="setUpClass" finished-at="2021-06-24T19:58:03 EDT" duration-ms="4" status="PASS">
          <reporter-output>
          </reporter-output>
        </test-method> <!-- setUpClass -->
        <test-method signature="buttons()[pri:0, instance:projectWork.ProjectWork2@1c93084c]" started-at="2021-06-24T19:58:03 EDT" name="buttons" finished-at="2021-06-24T19:58:05 EDT" duration-ms="2162" status="PASS">
          <reporter-output>
          </reporter-output>
        </test-method> <!-- buttons -->
        <test-method signature="imagess()[pri:0, instance:projectWork.ProjectWork2@1c93084c]" started-at="2021-06-24T19:58:05 EDT" name="imagess" finished-at="2021-06-24T19:58:07 EDT" duration-ms="2308" status="PASS">
          <reporter-output>
          </reporter-output>
        </test-method> <!-- imagess -->
      </class> <!-- projectWork.ProjectWork2 -->
    </test> <!-- Default test -->
  </suite> <!-- Default suite -->
</testng-results>
